\BOOKMARK [1][-]{section.1}{\376\377\000I\000n\000t\000r\000o\000d\000u\000c\000c\000i\000\363\000n}{}% 1
\BOOKMARK [1][-]{section.2}{\376\377\000O\000b\000j\000e\000t\000i\000v\000o\000s}{}% 2
\BOOKMARK [1][-]{section.3}{\376\377\000T\000e\000c\000n\000o\000l\000o\000g\000\355\000a\000s\000\040\000U\000t\000i\000l\000i\000z\000a\000d\000a\000s}{}% 3
\BOOKMARK [1][-]{section.4}{\376\377\000A\000r\000q\000u\000i\000t\000e\000c\000t\000u\000r\000a\000\040\000d\000e\000l\000\040\000S\000i\000s\000t\000e\000m\000a}{}% 4
\BOOKMARK [1][-]{section.5}{\376\377\000B\000a\000s\000e\000\040\000d\000e\000\040\000D\000a\000t\000o\000s}{}% 5
\BOOKMARK [1][-]{section.6}{\376\377\000D\000i\000a\000g\000r\000a\000m\000a\000\040\000E\000n\000t\000i\000d\000a\000d\000-\000R\000e\000l\000a\000c\000i\000\363\000n}{}% 6
\BOOKMARK [1][-]{section.7}{\376\377\000D\000i\000a\000g\000r\000a\000m\000a\000\040\000d\000e\000\040\000C\000a\000s\000o\000s\000\040\000d\000e\000\040\000U\000s\000o}{}% 7
\BOOKMARK [1][-]{section.8}{\376\377\000E\000s\000p\000e\000c\000i\000f\000i\000c\000a\000c\000i\000\363\000n\000\040\000d\000e\000\040\000C\000a\000s\000o\000s\000\040\000d\000e\000\040\000U\000s\000o}{}% 8
\BOOKMARK [1][-]{section.9}{\376\377\000D\000i\000c\000c\000i\000o\000n\000a\000r\000i\000o\000\040\000d\000e\000\040\000D\000a\000t\000o\000s}{}% 9
\BOOKMARK [1][-]{section.10}{\376\377\000D\000i\000a\000g\000r\000a\000m\000a\000\040\000d\000e\000\040\000S\000e\000c\000u\000e\000n\000c\000i\000a}{}% 10
\BOOKMARK [1][-]{section.11}{\376\377\000D\000i\000a\000g\000r\000a\000m\000a\000\040\000d\000e\000\040\000A\000c\000t\000i\000v\000i\000d\000a\000d\000e\000s}{}% 11
\BOOKMARK [1][-]{section.12}{\376\377\000D\000i\000a\000g\000r\000a\000m\000a\000\040\000d\000e\000\040\000C\000l\000a\000s\000e\000s}{}% 12
\BOOKMARK [1][-]{section.13}{\376\377\000D\000e\000s\000c\000r\000i\000p\000c\000i\000\363\000n\000\040\000d\000e\000l\000\040\000C\000\363\000d\000i\000g\000o}{}% 13
\BOOKMARK [2][-]{subsection.13.1}{\376\377\000F\000u\000n\000c\000i\000o\000n\000a\000m\000i\000e\000n\000t\000o\000\040\000d\000e\000\040\000l\000a\000s\000\040\000C\000l\000a\000s\000e\000s\000\040\000y\000\040\000C\000o\000m\000p\000o\000n\000e\000n\000t\000e\000s}{section.13}% 14
\BOOKMARK [3][-]{subsubsection.13.1.1}{\376\377\000L\000a\000d\000o\000\040\000d\000e\000l\000\040\000S\000e\000r\000v\000i\000d\000o\000r}{subsection.13.1}% 15
\BOOKMARK [3][-]{subsubsection.13.1.2}{\376\377\000L\000a\000d\000o\000\040\000d\000e\000l\000\040\000C\000l\000i\000e\000n\000t\000e}{subsection.13.1}% 16
\BOOKMARK [3][-]{subsubsection.13.1.3}{\376\377\000G\000e\000s\000t\000o\000r\000e\000s\000\040\000d\000e\000\040\000R\000e\000d\000\040\000y\000\040\000H\000a\000r\000d\000w\000a\000r\000e}{subsection.13.1}% 17
\BOOKMARK [2][-]{subsection.13.2}{\376\377\000A\000p\000l\000i\000c\000a\000c\000i\000\363\000n\000\040\000d\000e\000\040\000l\000o\000s\000\040\000P\000i\000l\000a\000r\000e\000s\000\040\000d\000e\000\040\000l\000a\000\040\000P\000O\000O}{section.13}% 18
\BOOKMARK [3][-]{subsubsection.13.2.1}{\376\377\000E\000n\000c\000a\000p\000s\000u\000l\000a\000m\000i\000e\000n\000t\000o}{subsection.13.2}% 19
\BOOKMARK [3][-]{subsubsection.13.2.2}{\376\377\000H\000e\000r\000e\000n\000c\000i\000a}{subsection.13.2}% 20
\BOOKMARK [3][-]{subsubsection.13.2.3}{\376\377\000P\000o\000l\000i\000m\000o\000r\000f\000i\000s\000m\000o}{subsection.13.2}% 21
\BOOKMARK [3][-]{subsubsection.13.2.4}{\376\377\000A\000b\000s\000t\000r\000a\000c\000c\000i\000\363\000n}{subsection.13.2}% 22
\BOOKMARK [2][-]{subsection.13.3}{\376\377\000P\000a\000t\000r\000o\000n\000e\000s\000\040\000d\000e\000\040\000D\000i\000s\000e\000\361\000o\000\040\000I\000m\000p\000l\000e\000m\000e\000n\000t\000a\000d\000o\000s}{section.13}% 23
\BOOKMARK [3][-]{subsubsection.13.3.1}{\376\377\000S\000i\000n\000g\000l\000e\000t\000o\000n\000\040\000\050\000I\000n\000s\000t\000a\000n\000c\000i\000a\000\040\000\332\000n\000i\000c\000a\000\051}{subsection.13.3}% 24
\BOOKMARK [3][-]{subsubsection.13.3.2}{\376\377\000O\000b\000s\000e\000r\000v\000e\000r\000\040\000\050\000O\000b\000s\000e\000r\000v\000a\000d\000o\000r\000\051}{subsection.13.3}% 25
\BOOKMARK [3][-]{subsubsection.13.3.3}{\376\377\000S\000t\000r\000a\000t\000e\000g\000y\000\040\000\050\000E\000s\000t\000r\000a\000t\000e\000g\000i\000a\000\051}{subsection.13.3}% 26
\BOOKMARK [3][-]{subsubsection.13.3.4}{\376\377\000F\000a\000c\000a\000d\000e\000\040\000\050\000F\000a\000c\000h\000a\000d\000a\000\051}{subsection.13.3}% 27
\BOOKMARK [3][-]{subsubsection.13.3.5}{\376\377\000C\000o\000m\000m\000a\000n\000d\000\040\000\050\000C\000o\000m\000a\000n\000d\000o\000\051}{subsection.13.3}% 28
\BOOKMARK [3][-]{subsubsection.13.3.6}{\376\377\000F\000a\000c\000t\000o\000r\000y\000\040\000M\000e\000t\000h\000o\000d\000\040\000\050\000M\000\351\000t\000o\000d\000o\000\040\000F\000\341\000b\000r\000i\000c\000a\000\051}{subsection.13.3}% 29
\BOOKMARK [3][-]{subsubsection.13.3.7}{\376\377\000T\000e\000m\000p\000l\000a\000t\000e\000\040\000M\000e\000t\000h\000o\000d\000\040\000\050\000M\000\351\000t\000o\000d\000o\000\040\000P\000l\000a\000n\000t\000i\000l\000l\000a\000\051}{subsection.13.3}% 30
\BOOKMARK [1][-]{section.14}{\376\377\000P\000r\000o\000t\000o\000c\000o\000l\000o\000s\000\040\000y\000\040\000N\000o\000r\000m\000a\000t\000i\000v\000a\000s\000\040\000U\000t\000i\000l\000i\000z\000a\000d\000o\000s}{}% 31
\BOOKMARK [2][-]{subsection.14.1}{\376\377\000T\000a\000b\000l\000a\000\040\000d\000e\000\040\000M\000e\000n\000s\000a\000j\000e\000s\000\040\000d\000e\000l\000\040\000P\000r\000o\000t\000o\000c\000o\000l\000o}{section.14}% 32
\BOOKMARK [1][-]{section.15}{\376\377\000M\000a\000n\000u\000a\000l\000\040\000d\000e\000\040\000I\000n\000s\000t\000a\000l\000a\000c\000i\000\363\000n\000\040\000y\000\040\000E\000j\000e\000c\000u\000c\000i\000\363\000n}{}% 33
\BOOKMARK [2][-]{subsection.15.1}{\376\377\000R\000e\000q\000u\000i\000s\000i\000t\000o\000s}{section.15}% 34
\BOOKMARK [2][-]{subsection.15.2}{\376\377\000E\000j\000e\000c\000u\000c\000i\000\363\000n}{section.15}% 35
\BOOKMARK [2][-]{subsection.15.3}{\376\377\000D\000a\000t\000o\000s\000\040\000d\000e\000\040\000P\000r\000u\000e\000b\000a}{section.15}% 36
\BOOKMARK [1][-]{section.16}{\376\377\000C\000o\000n\000c\000l\000u\000s\000i\000o\000n\000e\000s}{}% 37
